2022-02-03 07:30:22,747 [restartedMain] WARN  o.springframework.boot.StartupInfoLogger           - InetAddress.getLocalHost().getHostName() took 5006 milliseconds to respond. Please verify your network configuration (macOS machines may need to add entries to /etc/hosts).
2022-02-03 07:30:27,762 [restartedMain] INFO  c.s.SpringBootThirdMiniProjectApplication          - Starting SpringBootThirdMiniProjectApplication using Java 1.8.0_271 on Sreshs-MacBook-Air.local with PID 19713 (/Users/sresh/eclipse-workspace/SpringBoot-Third-MiniProject/target/classes started by sresh in /Users/sresh/eclipse-workspace/SpringBoot-Third-MiniProject)
2022-02-03 07:30:27,763 [restartedMain] INFO  c.s.SpringBootThirdMiniProjectApplication          - No active profile set, falling back to default profiles: default
2022-02-03 07:30:27,821 [restartedMain] INFO  o.s.b.d.e.DevToolsPropertyDefaultsPostProcessor    - Devtools property defaults active! Set 'spring.devtools.add-properties' to 'false' to disable
2022-02-03 07:30:27,822 [restartedMain] INFO  o.s.b.d.e.DevToolsPropertyDefaultsPostProcessor    - For additional web related logging consider setting the 'logging.level.web' property to 'DEBUG'
2022-02-03 07:30:28,671 [restartedMain] INFO  o.s.d.r.c.RepositoryConfigurationDelegate          - Bootstrapping Spring Data JPA repositories in DEFAULT mode.
2022-02-03 07:30:28,728 [restartedMain] INFO  o.s.d.r.c.RepositoryConfigurationDelegate          - Finished Spring Data repository scanning in 46 ms. Found 1 JPA repository interfaces.
2022-02-03 07:30:29,393 [restartedMain] INFO  o.s.b.w.embedded.tomcat.TomcatWebServer            - Tomcat initialized with port(s): 9090 (http)
2022-02-03 07:30:29,404 [restartedMain] INFO  o.apache.coyote.http11.Http11NioProtocol           - Initializing ProtocolHandler ["http-nio-9090"]
2022-02-03 07:30:29,405 [restartedMain] INFO  org.apache.catalina.core.StandardService           - Starting service [Tomcat]
2022-02-03 07:30:29,405 [restartedMain] INFO  org.apache.catalina.core.StandardEngine            - Starting Servlet engine: [Apache Tomcat/9.0.48]
2022-02-03 07:30:29,480 [restartedMain] INFO  o.a.c.c.C.[Tomcat].[localhost].[/]                 - Initializing Spring embedded WebApplicationContext
2022-02-03 07:30:29,481 [restartedMain] INFO  o.s.b.w.s.c.ServletWebServerApplicationContext     - Root WebApplicationContext: initialization completed in 1658 ms
2022-02-03 07:30:29,770 [restartedMain] INFO  o.hibernate.jpa.internal.util.LogHelper            - HHH000204: Processing PersistenceUnitInfo [name: default]
2022-02-03 07:30:29,817 [restartedMain] INFO  org.hibernate.Version                              - HHH000412: Hibernate ORM core version 5.4.32.Final
2022-02-03 07:30:29,955 [restartedMain] INFO  org.hibernate.annotations.common.Version           - HCANN000001: Hibernate Commons Annotations {5.1.2.Final}
2022-02-03 07:30:30,059 [restartedMain] INFO  com.zaxxer.hikari.HikariDataSource                 - HikariPool-1 - Starting...
2022-02-03 07:30:30,689 [restartedMain] INFO  com.zaxxer.hikari.HikariDataSource                 - HikariPool-1 - Start completed.
2022-02-03 07:30:30,708 [restartedMain] INFO  org.hibernate.dialect.Dialect                      - HHH000400: Using dialect: org.hibernate.dialect.MySQL8Dialect
2022-02-03 07:30:31,433 [restartedMain] INFO  o.h.e.t.j.p.i.JtaPlatformInitiator                 - HHH000490: Using JtaPlatform implementation: [org.hibernate.engine.transaction.jta.platform.internal.NoJtaPlatform]
2022-02-03 07:30:31,443 [restartedMain] INFO  o.s.o.j.LocalContainerEntityManagerFactoryBean     - Initialized JPA EntityManagerFactory for persistence unit 'default'
2022-02-03 07:30:32,265 [restartedMain] WARN  o.s.b.a.o.j.JpaBaseConfiguration$JpaWebConfiguration - spring.jpa.open-in-view is enabled by default. Therefore, database queries may be performed during view rendering. Explicitly configure spring.jpa.open-in-view to disable this warning
2022-02-03 07:30:32,431 [restartedMain] INFO  s.d.s.w.PropertySourcedRequestMappingHandlerMapping - Mapped URL path [/v2/api-docs] onto method [springfox.documentation.swagger2.web.Swagger2Controller#getDocumentation(String, HttpServletRequest)]
2022-02-03 07:30:32,587 [restartedMain] INFO  o.s.b.d.a.OptionalLiveReloadServer                 - LiveReload server is running on port 35729
2022-02-03 07:30:32,819 [restartedMain] INFO  o.apache.coyote.http11.Http11NioProtocol           - Starting ProtocolHandler ["http-nio-9090"]
2022-02-03 07:30:32,840 [restartedMain] INFO  o.s.b.w.embedded.tomcat.TomcatWebServer            - Tomcat started on port(s): 9090 (http) with context path ''
2022-02-03 07:30:32,841 [restartedMain] INFO  s.d.s.w.p.DocumentationPluginsBootstrapper         - Context refreshed
2022-02-03 07:30:32,865 [restartedMain] INFO  s.d.s.w.p.DocumentationPluginsBootstrapper         - Found 1 custom documentation plugin(s)
2022-02-03 07:30:32,901 [restartedMain] INFO  s.d.s.w.s.ApiListingReferenceScanner               - Scanning for api listing references
2022-02-03 07:30:33,053 [restartedMain] INFO  c.s.SpringBootThirdMiniProjectApplication          - Started SpringBootThirdMiniProjectApplication in 25.814 seconds (JVM running for 31.854)
2022-02-03 07:30:45,857 [http-nio-9090-exec-1] INFO  o.a.c.c.C.[Tomcat].[localhost].[/]                 - Initializing Spring DispatcherServlet 'dispatcherServlet'
2022-02-03 07:30:45,859 [http-nio-9090-exec-1] INFO  o.s.web.servlet.DispatcherServlet                  - Initializing Servlet 'dispatcherServlet'
2022-02-03 07:30:45,863 [http-nio-9090-exec-1] INFO  o.s.web.servlet.DispatcherServlet                  - Completed initialization in 3 ms
2022-02-03 07:36:01,146 [Thread-5] INFO  o.s.o.j.LocalContainerEntityManagerFactoryBean     - Closing JPA EntityManagerFactory for persistence unit 'default'
2022-02-03 07:36:01,153 [Thread-5] INFO  com.zaxxer.hikari.HikariDataSource                 - HikariPool-1 - Shutdown initiated...
2022-02-03 07:36:01,169 [Thread-5] INFO  com.zaxxer.hikari.HikariDataSource                 - HikariPool-1 - Shutdown completed.
2022-02-03 07:36:16,480 [restartedMain] WARN  o.springframework.boot.StartupInfoLogger           - InetAddress.getLocalHost().getHostName() took 5005 milliseconds to respond. Please verify your network configuration (macOS machines may need to add entries to /etc/hosts).
2022-02-03 07:36:21,484 [restartedMain] INFO  c.s.SpringBootThirdMiniProjectApplication          - Starting SpringBootThirdMiniProjectApplication using Java 1.8.0_271 on Sreshs-MacBook-Air.local with PID 19713 (/Users/sresh/eclipse-workspace/SpringBoot-Third-MiniProject/target/classes started by sresh in /Users/sresh/eclipse-workspace/SpringBoot-Third-MiniProject)
2022-02-03 07:36:21,484 [restartedMain] INFO  c.s.SpringBootThirdMiniProjectApplication          - No active profile set, falling back to default profiles: default
2022-02-03 07:36:21,792 [restartedMain] INFO  o.s.d.r.c.RepositoryConfigurationDelegate          - Bootstrapping Spring Data JPA repositories in DEFAULT mode.
2022-02-03 07:36:21,801 [restartedMain] INFO  o.s.d.r.c.RepositoryConfigurationDelegate          - Finished Spring Data repository scanning in 8 ms. Found 1 JPA repository interfaces.
2022-02-03 07:36:21,954 [restartedMain] INFO  o.s.b.w.embedded.tomcat.TomcatWebServer            - Tomcat initialized with port(s): 9090 (http)
2022-02-03 07:36:21,955 [restartedMain] INFO  o.apache.coyote.http11.Http11NioProtocol           - Initializing ProtocolHandler ["http-nio-9090"]
2022-02-03 07:36:21,955 [restartedMain] INFO  org.apache.catalina.core.StandardService           - Starting service [Tomcat]
2022-02-03 07:36:21,955 [restartedMain] INFO  org.apache.catalina.core.StandardEngine            - Starting Servlet engine: [Apache Tomcat/9.0.48]
2022-02-03 07:36:21,963 [restartedMain] INFO  o.a.c.c.C.[Tomcat].[localhost].[/]                 - Initializing Spring embedded WebApplicationContext
2022-02-03 07:36:21,964 [restartedMain] INFO  o.s.b.w.s.c.ServletWebServerApplicationContext     - Root WebApplicationContext: initialization completed in 473 ms
2022-02-03 07:36:22,016 [restartedMain] INFO  o.hibernate.jpa.internal.util.LogHelper            - HHH000204: Processing PersistenceUnitInfo [name: default]
2022-02-03 07:36:22,021 [restartedMain] INFO  com.zaxxer.hikari.HikariDataSource                 - HikariPool-2 - Starting...
2022-02-03 07:36:22,045 [restartedMain] INFO  com.zaxxer.hikari.HikariDataSource                 - HikariPool-2 - Start completed.
2022-02-03 07:36:22,046 [restartedMain] INFO  org.hibernate.dialect.Dialect                      - HHH000400: Using dialect: org.hibernate.dialect.MySQL8Dialect
2022-02-03 07:36:22,106 [restartedMain] INFO  o.h.e.t.j.p.i.JtaPlatformInitiator                 - HHH000490: Using JtaPlatform implementation: [org.hibernate.engine.transaction.jta.platform.internal.NoJtaPlatform]
2022-02-03 07:36:22,107 [restartedMain] INFO  o.s.o.j.LocalContainerEntityManagerFactoryBean     - Initialized JPA EntityManagerFactory for persistence unit 'default'
2022-02-03 07:36:22,329 [restartedMain] WARN  o.s.b.a.o.j.JpaBaseConfiguration$JpaWebConfiguration - spring.jpa.open-in-view is enabled by default. Therefore, database queries may be performed during view rendering. Explicitly configure spring.jpa.open-in-view to disable this warning
2022-02-03 07:36:22,394 [restartedMain] INFO  s.d.s.w.PropertySourcedRequestMappingHandlerMapping - Mapped URL path [/v2/api-docs] onto method [springfox.documentation.swagger2.web.Swagger2Controller#getDocumentation(String, HttpServletRequest)]
2022-02-03 07:36:22,450 [restartedMain] INFO  o.s.b.d.a.OptionalLiveReloadServer                 - LiveReload server is running on port 35729
2022-02-03 07:36:22,532 [restartedMain] INFO  o.apache.coyote.http11.Http11NioProtocol           - Starting ProtocolHandler ["http-nio-9090"]
2022-02-03 07:36:22,534 [restartedMain] INFO  o.s.b.w.embedded.tomcat.TomcatWebServer            - Tomcat started on port(s): 9090 (http) with context path ''
2022-02-03 07:36:22,535 [restartedMain] INFO  s.d.s.w.p.DocumentationPluginsBootstrapper         - Context refreshed
2022-02-03 07:36:22,536 [restartedMain] INFO  s.d.s.w.p.DocumentationPluginsBootstrapper         - Found 1 custom documentation plugin(s)
2022-02-03 07:36:22,543 [restartedMain] INFO  s.d.s.w.s.ApiListingReferenceScanner               - Scanning for api listing references
2022-02-03 07:36:22,564 [restartedMain] INFO  c.s.SpringBootThirdMiniProjectApplication          - Started SpringBootThirdMiniProjectApplication in 21.162 seconds (JVM running for 381.365)
2022-02-03 07:36:22,567 [restartedMain] INFO  o.s.b.d.a.ConditionEvaluationDeltaLoggingListener  - Condition evaluation unchanged
2022-02-03 07:38:47,169 [Thread-8] INFO  o.s.o.j.LocalContainerEntityManagerFactoryBean     - Closing JPA EntityManagerFactory for persistence unit 'default'
2022-02-03 07:38:47,172 [Thread-8] INFO  com.zaxxer.hikari.HikariDataSource                 - HikariPool-2 - Shutdown initiated...
2022-02-03 07:38:47,186 [Thread-8] INFO  com.zaxxer.hikari.HikariDataSource                 - HikariPool-2 - Shutdown completed.
2022-02-03 07:39:02,528 [restartedMain] WARN  o.springframework.boot.StartupInfoLogger           - InetAddress.getLocalHost().getHostName() took 5007 milliseconds to respond. Please verify your network configuration (macOS machines may need to add entries to /etc/hosts).
2022-02-03 07:39:07,532 [restartedMain] INFO  c.s.SpringBootThirdMiniProjectApplication          - Starting SpringBootThirdMiniProjectApplication using Java 1.8.0_271 on Sreshs-MacBook-Air.local with PID 19713 (/Users/sresh/eclipse-workspace/SpringBoot-Third-MiniProject/target/classes started by sresh in /Users/sresh/eclipse-workspace/SpringBoot-Third-MiniProject)
2022-02-03 07:39:07,533 [restartedMain] INFO  c.s.SpringBootThirdMiniProjectApplication          - No active profile set, falling back to default profiles: default
2022-02-03 07:39:07,876 [restartedMain] INFO  o.s.d.r.c.RepositoryConfigurationDelegate          - Bootstrapping Spring Data JPA repositories in DEFAULT mode.
2022-02-03 07:39:07,886 [restartedMain] INFO  o.s.d.r.c.RepositoryConfigurationDelegate          - Finished Spring Data repository scanning in 9 ms. Found 1 JPA repository interfaces.
2022-02-03 07:39:08,001 [restartedMain] INFO  o.s.b.w.embedded.tomcat.TomcatWebServer            - Tomcat initialized with port(s): 9090 (http)
2022-02-03 07:39:08,002 [restartedMain] INFO  o.apache.coyote.http11.Http11NioProtocol           - Initializing ProtocolHandler ["http-nio-9090"]
2022-02-03 07:39:08,002 [restartedMain] INFO  org.apache.catalina.core.StandardService           - Starting service [Tomcat]
2022-02-03 07:39:08,002 [restartedMain] INFO  org.apache.catalina.core.StandardEngine            - Starting Servlet engine: [Apache Tomcat/9.0.48]
2022-02-03 07:39:08,013 [restartedMain] INFO  o.a.c.c.C.[Tomcat].[localhost].[/]                 - Initializing Spring embedded WebApplicationContext
2022-02-03 07:39:08,013 [restartedMain] INFO  o.s.b.w.s.c.ServletWebServerApplicationContext     - Root WebApplicationContext: initialization completed in 473 ms
2022-02-03 07:39:08,063 [restartedMain] INFO  o.hibernate.jpa.internal.util.LogHelper            - HHH000204: Processing PersistenceUnitInfo [name: default]
2022-02-03 07:39:08,067 [restartedMain] INFO  com.zaxxer.hikari.HikariDataSource                 - HikariPool-3 - Starting...
2022-02-03 07:39:08,089 [restartedMain] INFO  com.zaxxer.hikari.HikariDataSource                 - HikariPool-3 - Start completed.
2022-02-03 07:39:08,089 [restartedMain] INFO  org.hibernate.dialect.Dialect                      - HHH000400: Using dialect: org.hibernate.dialect.MySQL8Dialect
2022-02-03 07:39:08,123 [restartedMain] INFO  o.h.e.t.j.p.i.JtaPlatformInitiator                 - HHH000490: Using JtaPlatform implementation: [org.hibernate.engine.transaction.jta.platform.internal.NoJtaPlatform]
2022-02-03 07:39:08,124 [restartedMain] INFO  o.s.o.j.LocalContainerEntityManagerFactoryBean     - Initialized JPA EntityManagerFactory for persistence unit 'default'
2022-02-03 07:39:08,278 [restartedMain] WARN  o.s.b.a.o.j.JpaBaseConfiguration$JpaWebConfiguration - spring.jpa.open-in-view is enabled by default. Therefore, database queries may be performed during view rendering. Explicitly configure spring.jpa.open-in-view to disable this warning
2022-02-03 07:39:08,334 [restartedMain] INFO  s.d.s.w.PropertySourcedRequestMappingHandlerMapping - Mapped URL path [/v2/api-docs] onto method [springfox.documentation.swagger2.web.Swagger2Controller#getDocumentation(String, HttpServletRequest)]
2022-02-03 07:39:08,396 [restartedMain] INFO  o.s.b.d.a.OptionalLiveReloadServer                 - LiveReload server is running on port 35729
2022-02-03 07:39:08,476 [restartedMain] INFO  o.apache.coyote.http11.Http11NioProtocol           - Starting ProtocolHandler ["http-nio-9090"]
2022-02-03 07:39:08,479 [restartedMain] INFO  o.s.b.w.embedded.tomcat.TomcatWebServer            - Tomcat started on port(s): 9090 (http) with context path ''
2022-02-03 07:39:08,480 [restartedMain] INFO  s.d.s.w.p.DocumentationPluginsBootstrapper         - Context refreshed
2022-02-03 07:39:08,481 [restartedMain] INFO  s.d.s.w.p.DocumentationPluginsBootstrapper         - Found 1 custom documentation plugin(s)
2022-02-03 07:39:08,487 [restartedMain] INFO  s.d.s.w.s.ApiListingReferenceScanner               - Scanning for api listing references
2022-02-03 07:39:08,507 [restartedMain] INFO  c.s.SpringBootThirdMiniProjectApplication          - Started SpringBootThirdMiniProjectApplication in 21.037 seconds (JVM running for 547.308)
2022-02-03 07:39:08,512 [restartedMain] INFO  o.s.b.d.a.ConditionEvaluationDeltaLoggingListener  - Condition evaluation unchanged
2022-02-03 07:39:47,233 [Thread-12] INFO  o.s.o.j.LocalContainerEntityManagerFactoryBean     - Closing JPA EntityManagerFactory for persistence unit 'default'
2022-02-03 07:39:47,236 [Thread-12] INFO  com.zaxxer.hikari.HikariDataSource                 - HikariPool-3 - Shutdown initiated...
2022-02-03 07:39:47,249 [Thread-12] INFO  com.zaxxer.hikari.HikariDataSource                 - HikariPool-3 - Shutdown completed.
2022-02-03 07:40:02,505 [restartedMain] WARN  o.springframework.boot.StartupInfoLogger           - InetAddress.getLocalHost().getHostName() took 5007 milliseconds to respond. Please verify your network configuration (macOS machines may need to add entries to /etc/hosts).
2022-02-03 07:40:07,508 [restartedMain] INFO  c.s.SpringBootThirdMiniProjectApplication          - Starting SpringBootThirdMiniProjectApplication using Java 1.8.0_271 on Sreshs-MacBook-Air.local with PID 19713 (/Users/sresh/eclipse-workspace/SpringBoot-Third-MiniProject/target/classes started by sresh in /Users/sresh/eclipse-workspace/SpringBoot-Third-MiniProject)
2022-02-03 07:40:07,509 [restartedMain] INFO  c.s.SpringBootThirdMiniProjectApplication          - No active profile set, falling back to default profiles: default
2022-02-03 07:40:07,925 [restartedMain] INFO  o.s.d.r.c.RepositoryConfigurationDelegate          - Bootstrapping Spring Data JPA repositories in DEFAULT mode.
2022-02-03 07:40:07,939 [restartedMain] INFO  o.s.d.r.c.RepositoryConfigurationDelegate          - Finished Spring Data repository scanning in 13 ms. Found 1 JPA repository interfaces.
2022-02-03 07:40:08,067 [restartedMain] INFO  o.s.b.w.embedded.tomcat.TomcatWebServer            - Tomcat initialized with port(s): 9090 (http)
2022-02-03 07:40:08,068 [restartedMain] INFO  o.apache.coyote.http11.Http11NioProtocol           - Initializing ProtocolHandler ["http-nio-9090"]
2022-02-03 07:40:08,069 [restartedMain] INFO  org.apache.catalina.core.StandardService           - Starting service [Tomcat]
2022-02-03 07:40:08,069 [restartedMain] INFO  org.apache.catalina.core.StandardEngine            - Starting Servlet engine: [Apache Tomcat/9.0.48]
2022-02-03 07:40:08,076 [restartedMain] INFO  o.a.c.c.C.[Tomcat].[localhost].[/]                 - Initializing Spring embedded WebApplicationContext
2022-02-03 07:40:08,077 [restartedMain] INFO  o.s.b.w.s.c.ServletWebServerApplicationContext     - Root WebApplicationContext: initialization completed in 565 ms
2022-02-03 07:40:08,113 [restartedMain] INFO  o.hibernate.jpa.internal.util.LogHelper            - HHH000204: Processing PersistenceUnitInfo [name: default]
2022-02-03 07:40:08,117 [restartedMain] INFO  com.zaxxer.hikari.HikariDataSource                 - HikariPool-4 - Starting...
2022-02-03 07:40:08,137 [restartedMain] INFO  com.zaxxer.hikari.HikariDataSource                 - HikariPool-4 - Start completed.
2022-02-03 07:40:08,138 [restartedMain] INFO  org.hibernate.dialect.Dialect                      - HHH000400: Using dialect: org.hibernate.dialect.MySQL8Dialect
2022-02-03 07:40:08,169 [restartedMain] INFO  o.h.e.t.j.p.i.JtaPlatformInitiator                 - HHH000490: Using JtaPlatform implementation: [org.hibernate.engine.transaction.jta.platform.internal.NoJtaPlatform]
2022-02-03 07:40:08,169 [restartedMain] INFO  o.s.o.j.LocalContainerEntityManagerFactoryBean     - Initialized JPA EntityManagerFactory for persistence unit 'default'
2022-02-03 07:40:08,328 [restartedMain] WARN  o.s.b.a.o.j.JpaBaseConfiguration$JpaWebConfiguration - spring.jpa.open-in-view is enabled by default. Therefore, database queries may be performed during view rendering. Explicitly configure spring.jpa.open-in-view to disable this warning
2022-02-03 07:40:08,382 [restartedMain] INFO  s.d.s.w.PropertySourcedRequestMappingHandlerMapping - Mapped URL path [/v2/api-docs] onto method [springfox.documentation.swagger2.web.Swagger2Controller#getDocumentation(String, HttpServletRequest)]
2022-02-03 07:40:08,446 [restartedMain] INFO  o.s.b.d.a.OptionalLiveReloadServer                 - LiveReload server is running on port 35729
2022-02-03 07:40:08,514 [restartedMain] INFO  o.apache.coyote.http11.Http11NioProtocol           - Starting ProtocolHandler ["http-nio-9090"]
2022-02-03 07:40:08,516 [restartedMain] INFO  o.s.b.w.embedded.tomcat.TomcatWebServer            - Tomcat started on port(s): 9090 (http) with context path ''
2022-02-03 07:40:08,517 [restartedMain] INFO  s.d.s.w.p.DocumentationPluginsBootstrapper         - Context refreshed
2022-02-03 07:40:08,518 [restartedMain] INFO  s.d.s.w.p.DocumentationPluginsBootstrapper         - Found 1 custom documentation plugin(s)
2022-02-03 07:40:08,526 [restartedMain] INFO  s.d.s.w.s.ApiListingReferenceScanner               - Scanning for api listing references
2022-02-03 07:40:08,544 [restartedMain] INFO  c.s.SpringBootThirdMiniProjectApplication          - Started SpringBootThirdMiniProjectApplication in 21.089 seconds (JVM running for 607.345)
2022-02-03 07:40:08,546 [restartedMain] INFO  o.s.b.d.a.ConditionEvaluationDeltaLoggingListener  - Condition evaluation unchanged
2022-02-03 07:40:09,948 [Thread-16] INFO  o.s.o.j.LocalContainerEntityManagerFactoryBean     - Closing JPA EntityManagerFactory for persistence unit 'default'
2022-02-03 07:40:09,950 [Thread-16] INFO  com.zaxxer.hikari.HikariDataSource                 - HikariPool-4 - Shutdown initiated...
2022-02-03 07:40:09,958 [Thread-16] INFO  com.zaxxer.hikari.HikariDataSource                 - HikariPool-4 - Shutdown completed.
2022-02-03 07:40:25,172 [restartedMain] WARN  o.springframework.boot.StartupInfoLogger           - InetAddress.getLocalHost().getHostName() took 5002 milliseconds to respond. Please verify your network configuration (macOS machines may need to add entries to /etc/hosts).
2022-02-03 07:40:30,177 [restartedMain] INFO  c.s.SpringBootThirdMiniProjectApplication          - Starting SpringBootThirdMiniProjectApplication using Java 1.8.0_271 on Sreshs-MacBook-Air.local with PID 19713 (/Users/sresh/eclipse-workspace/SpringBoot-Third-MiniProject/target/classes started by sresh in /Users/sresh/eclipse-workspace/SpringBoot-Third-MiniProject)
2022-02-03 07:40:30,178 [restartedMain] INFO  c.s.SpringBootThirdMiniProjectApplication          - No active profile set, falling back to default profiles: default
2022-02-03 07:40:30,394 [restartedMain] INFO  o.s.d.r.c.RepositoryConfigurationDelegate          - Bootstrapping Spring Data JPA repositories in DEFAULT mode.
2022-02-03 07:40:30,402 [restartedMain] INFO  o.s.d.r.c.RepositoryConfigurationDelegate          - Finished Spring Data repository scanning in 7 ms. Found 1 JPA repository interfaces.
2022-02-03 07:40:30,504 [restartedMain] INFO  o.s.b.w.embedded.tomcat.TomcatWebServer            - Tomcat initialized with port(s): 9090 (http)
2022-02-03 07:40:30,505 [restartedMain] INFO  o.apache.coyote.http11.Http11NioProtocol           - Initializing ProtocolHandler ["http-nio-9090"]
2022-02-03 07:40:30,506 [restartedMain] INFO  org.apache.catalina.core.StandardService           - Starting service [Tomcat]
2022-02-03 07:40:30,506 [restartedMain] INFO  org.apache.catalina.core.StandardEngine            - Starting Servlet engine: [Apache Tomcat/9.0.48]
2022-02-03 07:40:30,514 [restartedMain] INFO  o.a.c.c.C.[Tomcat].[localhost].[/]                 - Initializing Spring embedded WebApplicationContext
2022-02-03 07:40:30,514 [restartedMain] INFO  o.s.b.w.s.c.ServletWebServerApplicationContext     - Root WebApplicationContext: initialization completed in 331 ms
2022-02-03 07:40:30,552 [restartedMain] INFO  o.hibernate.jpa.internal.util.LogHelper            - HHH000204: Processing PersistenceUnitInfo [name: default]
2022-02-03 07:40:30,558 [restartedMain] INFO  com.zaxxer.hikari.HikariDataSource                 - HikariPool-5 - Starting...
2022-02-03 07:40:30,577 [restartedMain] INFO  com.zaxxer.hikari.HikariDataSource                 - HikariPool-5 - Start completed.
2022-02-03 07:40:30,578 [restartedMain] INFO  org.hibernate.dialect.Dialect                      - HHH000400: Using dialect: org.hibernate.dialect.MySQL8Dialect
2022-02-03 07:40:30,604 [restartedMain] INFO  o.h.e.t.j.p.i.JtaPlatformInitiator                 - HHH000490: Using JtaPlatform implementation: [org.hibernate.engine.transaction.jta.platform.internal.NoJtaPlatform]
2022-02-03 07:40:30,604 [restartedMain] INFO  o.s.o.j.LocalContainerEntityManagerFactoryBean     - Initialized JPA EntityManagerFactory for persistence unit 'default'
2022-02-03 07:40:30,752 [restartedMain] WARN  o.s.b.a.o.j.JpaBaseConfiguration$JpaWebConfiguration - spring.jpa.open-in-view is enabled by default. Therefore, database queries may be performed during view rendering. Explicitly configure spring.jpa.open-in-view to disable this warning
2022-02-03 07:40:30,800 [restartedMain] INFO  s.d.s.w.PropertySourcedRequestMappingHandlerMapping - Mapped URL path [/v2/api-docs] onto method [springfox.documentation.swagger2.web.Swagger2Controller#getDocumentation(String, HttpServletRequest)]
2022-02-03 07:40:30,855 [restartedMain] INFO  o.s.b.d.a.OptionalLiveReloadServer                 - LiveReload server is running on port 35729
2022-02-03 07:40:30,911 [restartedMain] INFO  o.apache.coyote.http11.Http11NioProtocol           - Starting ProtocolHandler ["http-nio-9090"]
2022-02-03 07:40:30,913 [restartedMain] INFO  o.s.b.w.embedded.tomcat.TomcatWebServer            - Tomcat started on port(s): 9090 (http) with context path ''
2022-02-03 07:40:30,914 [restartedMain] INFO  s.d.s.w.p.DocumentationPluginsBootstrapper         - Context refreshed
2022-02-03 07:40:30,915 [restartedMain] INFO  s.d.s.w.p.DocumentationPluginsBootstrapper         - Found 1 custom documentation plugin(s)
2022-02-03 07:40:30,920 [restartedMain] INFO  s.d.s.w.s.ApiListingReferenceScanner               - Scanning for api listing references
2022-02-03 07:40:30,939 [restartedMain] INFO  c.s.SpringBootThirdMiniProjectApplication          - Started SpringBootThirdMiniProjectApplication in 20.812 seconds (JVM running for 629.74)
2022-02-03 07:40:30,942 [restartedMain] INFO  o.s.b.d.a.ConditionEvaluationDeltaLoggingListener  - Condition evaluation unchanged
2022-02-03 07:43:01,573 [Thread-20] INFO  o.s.o.j.LocalContainerEntityManagerFactoryBean     - Closing JPA EntityManagerFactory for persistence unit 'default'
2022-02-03 07:43:01,574 [Thread-20] INFO  com.zaxxer.hikari.HikariDataSource                 - HikariPool-5 - Shutdown initiated...
2022-02-03 07:43:01,583 [Thread-20] INFO  com.zaxxer.hikari.HikariDataSource                 - HikariPool-5 - Shutdown completed.
2022-02-03 07:43:16,774 [restartedMain] WARN  o.springframework.boot.StartupInfoLogger           - InetAddress.getLocalHost().getHostName() took 5007 milliseconds to respond. Please verify your network configuration (macOS machines may need to add entries to /etc/hosts).
2022-02-03 07:43:21,779 [restartedMain] INFO  c.s.SpringBootThirdMiniProjectApplication          - Starting SpringBootThirdMiniProjectApplication using Java 1.8.0_271 on Sreshs-MacBook-Air.local with PID 19713 (/Users/sresh/eclipse-workspace/SpringBoot-Third-MiniProject/target/classes started by sresh in /Users/sresh/eclipse-workspace/SpringBoot-Third-MiniProject)
2022-02-03 07:43:21,779 [restartedMain] INFO  c.s.SpringBootThirdMiniProjectApplication          - No active profile set, falling back to default profiles: default
2022-02-03 07:43:21,995 [restartedMain] INFO  o.s.d.r.c.RepositoryConfigurationDelegate          - Bootstrapping Spring Data JPA repositories in DEFAULT mode.
2022-02-03 07:43:22,002 [restartedMain] INFO  o.s.d.r.c.RepositoryConfigurationDelegate          - Finished Spring Data repository scanning in 7 ms. Found 1 JPA repository interfaces.
2022-02-03 07:43:22,116 [restartedMain] INFO  o.s.b.w.embedded.tomcat.TomcatWebServer            - Tomcat initialized with port(s): 9090 (http)
2022-02-03 07:43:22,117 [restartedMain] INFO  o.apache.coyote.http11.Http11NioProtocol           - Initializing ProtocolHandler ["http-nio-9090"]
2022-02-03 07:43:22,117 [restartedMain] INFO  org.apache.catalina.core.StandardService           - Starting service [Tomcat]
2022-02-03 07:43:22,117 [restartedMain] INFO  org.apache.catalina.core.StandardEngine            - Starting Servlet engine: [Apache Tomcat/9.0.48]
2022-02-03 07:43:22,126 [restartedMain] INFO  o.a.c.c.C.[Tomcat].[localhost].[/]                 - Initializing Spring embedded WebApplicationContext
2022-02-03 07:43:22,126 [restartedMain] INFO  o.s.b.w.s.c.ServletWebServerApplicationContext     - Root WebApplicationContext: initialization completed in 341 ms
2022-02-03 07:43:22,166 [restartedMain] INFO  o.hibernate.jpa.internal.util.LogHelper            - HHH000204: Processing PersistenceUnitInfo [name: default]
2022-02-03 07:43:22,173 [restartedMain] INFO  com.zaxxer.hikari.HikariDataSource                 - HikariPool-6 - Starting...
2022-02-03 07:43:22,194 [restartedMain] INFO  com.zaxxer.hikari.HikariDataSource                 - HikariPool-6 - Start completed.
2022-02-03 07:43:22,195 [restartedMain] INFO  org.hibernate.dialect.Dialect                      - HHH000400: Using dialect: org.hibernate.dialect.MySQL8Dialect
2022-02-03 07:43:22,230 [restartedMain] INFO  o.h.e.t.j.p.i.JtaPlatformInitiator                 - HHH000490: Using JtaPlatform implementation: [org.hibernate.engine.transaction.jta.platform.internal.NoJtaPlatform]
2022-02-03 07:43:22,230 [restartedMain] INFO  o.s.o.j.LocalContainerEntityManagerFactoryBean     - Initialized JPA EntityManagerFactory for persistence unit 'default'
2022-02-03 07:43:22,366 [restartedMain] WARN  o.s.b.a.o.j.JpaBaseConfiguration$JpaWebConfiguration - spring.jpa.open-in-view is enabled by default. Therefore, database queries may be performed during view rendering. Explicitly configure spring.jpa.open-in-view to disable this warning
2022-02-03 07:43:22,460 [restartedMain] INFO  s.d.s.w.PropertySourcedRequestMappingHandlerMapping - Mapped URL path [/v2/api-docs] onto method [springfox.documentation.swagger2.web.Swagger2Controller#getDocumentation(String, HttpServletRequest)]
2022-02-03 07:43:22,622 [restartedMain] INFO  o.s.b.d.a.OptionalLiveReloadServer                 - LiveReload server is running on port 35729
2022-02-03 07:43:22,752 [restartedMain] INFO  o.apache.coyote.http11.Http11NioProtocol           - Starting ProtocolHandler ["http-nio-9090"]
2022-02-03 07:43:22,756 [restartedMain] INFO  o.s.b.w.embedded.tomcat.TomcatWebServer            - Tomcat started on port(s): 9090 (http) with context path ''
2022-02-03 07:43:22,757 [restartedMain] INFO  s.d.s.w.p.DocumentationPluginsBootstrapper         - Context refreshed
2022-02-03 07:43:22,759 [restartedMain] INFO  s.d.s.w.p.DocumentationPluginsBootstrapper         - Found 1 custom documentation plugin(s)
2022-02-03 07:43:22,766 [restartedMain] INFO  s.d.s.w.s.ApiListingReferenceScanner               - Scanning for api listing references
2022-02-03 07:43:22,792 [restartedMain] INFO  c.s.SpringBootThirdMiniProjectApplication          - Started SpringBootThirdMiniProjectApplication in 21.068 seconds (JVM running for 801.593)
2022-02-03 07:43:22,795 [restartedMain] INFO  o.s.b.d.a.ConditionEvaluationDeltaLoggingListener  - Condition evaluation unchanged
2022-02-03 07:43:28,305 [http-nio-9090-exec-1] INFO  o.a.c.c.C.[Tomcat].[localhost].[/]                 - Initializing Spring DispatcherServlet 'dispatcherServlet'
2022-02-03 07:43:28,306 [http-nio-9090-exec-1] INFO  o.s.web.servlet.DispatcherServlet                  - Initializing Servlet 'dispatcherServlet'
2022-02-03 07:43:28,309 [http-nio-9090-exec-1] INFO  o.s.web.servlet.DispatcherServlet                  - Completed initialization in 3 ms
2022-02-03 07:47:25,261 [Thread-24] INFO  o.s.o.j.LocalContainerEntityManagerFactoryBean     - Closing JPA EntityManagerFactory for persistence unit 'default'
2022-02-03 07:47:25,263 [Thread-24] INFO  com.zaxxer.hikari.HikariDataSource                 - HikariPool-6 - Shutdown initiated...
2022-02-03 07:47:25,273 [Thread-24] INFO  com.zaxxer.hikari.HikariDataSource                 - HikariPool-6 - Shutdown completed.
2022-02-03 07:47:40,514 [restartedMain] WARN  o.springframework.boot.StartupInfoLogger           - InetAddress.getLocalHost().getHostName() took 5003 milliseconds to respond. Please verify your network configuration (macOS machines may need to add entries to /etc/hosts).
2022-02-03 07:47:45,517 [restartedMain] INFO  c.s.SpringBootThirdMiniProjectApplication          - Starting SpringBootThirdMiniProjectApplication using Java 1.8.0_271 on Sreshs-MacBook-Air.local with PID 19713 (/Users/sresh/eclipse-workspace/SpringBoot-Third-MiniProject/target/classes started by sresh in /Users/sresh/eclipse-workspace/SpringBoot-Third-MiniProject)
2022-02-03 07:47:45,518 [restartedMain] INFO  c.s.SpringBootThirdMiniProjectApplication          - No active profile set, falling back to default profiles: default
2022-02-03 07:47:45,738 [restartedMain] INFO  o.s.d.r.c.RepositoryConfigurationDelegate          - Bootstrapping Spring Data JPA repositories in DEFAULT mode.
2022-02-03 07:47:45,745 [restartedMain] INFO  o.s.d.r.c.RepositoryConfigurationDelegate          - Finished Spring Data repository scanning in 6 ms. Found 1 JPA repository interfaces.
2022-02-03 07:47:45,837 [restartedMain] INFO  o.s.b.w.embedded.tomcat.TomcatWebServer            - Tomcat initialized with port(s): 9090 (http)
2022-02-03 07:47:45,838 [restartedMain] INFO  o.apache.coyote.http11.Http11NioProtocol           - Initializing ProtocolHandler ["http-nio-9090"]
2022-02-03 07:47:45,838 [restartedMain] INFO  org.apache.catalina.core.StandardService           - Starting service [Tomcat]
2022-02-03 07:47:45,838 [restartedMain] INFO  org.apache.catalina.core.StandardEngine            - Starting Servlet engine: [Apache Tomcat/9.0.48]
2022-02-03 07:47:45,844 [restartedMain] INFO  o.a.c.c.C.[Tomcat].[localhost].[/]                 - Initializing Spring embedded WebApplicationContext
2022-02-03 07:47:45,844 [restartedMain] INFO  o.s.b.w.s.c.ServletWebServerApplicationContext     - Root WebApplicationContext: initialization completed in 320 ms
2022-02-03 07:47:45,880 [restartedMain] INFO  o.hibernate.jpa.internal.util.LogHelper            - HHH000204: Processing PersistenceUnitInfo [name: default]
2022-02-03 07:47:45,886 [restartedMain] INFO  com.zaxxer.hikari.HikariDataSource                 - HikariPool-7 - Starting...
2022-02-03 07:47:45,907 [restartedMain] INFO  com.zaxxer.hikari.HikariDataSource                 - HikariPool-7 - Start completed.
2022-02-03 07:47:45,907 [restartedMain] INFO  org.hibernate.dialect.Dialect                      - HHH000400: Using dialect: org.hibernate.dialect.MySQL8Dialect
2022-02-03 07:47:45,940 [restartedMain] INFO  o.h.e.t.j.p.i.JtaPlatformInitiator                 - HHH000490: Using JtaPlatform implementation: [org.hibernate.engine.transaction.jta.platform.internal.NoJtaPlatform]
2022-02-03 07:47:45,940 [restartedMain] INFO  o.s.o.j.LocalContainerEntityManagerFactoryBean     - Initialized JPA EntityManagerFactory for persistence unit 'default'
2022-02-03 07:47:46,128 [restartedMain] WARN  o.s.b.a.o.j.JpaBaseConfiguration$JpaWebConfiguration - spring.jpa.open-in-view is enabled by default. Therefore, database queries may be performed during view rendering. Explicitly configure spring.jpa.open-in-view to disable this warning
2022-02-03 07:47:46,179 [restartedMain] INFO  s.d.s.w.PropertySourcedRequestMappingHandlerMapping - Mapped URL path [/v2/api-docs] onto method [springfox.documentation.swagger2.web.Swagger2Controller#getDocumentation(String, HttpServletRequest)]
2022-02-03 07:47:46,227 [restartedMain] INFO  o.s.b.d.a.OptionalLiveReloadServer                 - LiveReload server is running on port 35729
2022-02-03 07:47:46,281 [restartedMain] INFO  o.apache.coyote.http11.Http11NioProtocol           - Starting ProtocolHandler ["http-nio-9090"]
2022-02-03 07:47:46,285 [restartedMain] INFO  o.s.b.w.embedded.tomcat.TomcatWebServer            - Tomcat started on port(s): 9090 (http) with context path ''
2022-02-03 07:47:46,287 [restartedMain] INFO  s.d.s.w.p.DocumentationPluginsBootstrapper         - Context refreshed
2022-02-03 07:47:46,288 [restartedMain] INFO  s.d.s.w.p.DocumentationPluginsBootstrapper         - Found 1 custom documentation plugin(s)
2022-02-03 07:47:46,293 [restartedMain] INFO  s.d.s.w.s.ApiListingReferenceScanner               - Scanning for api listing references
2022-02-03 07:47:46,319 [restartedMain] INFO  c.s.SpringBootThirdMiniProjectApplication          - Started SpringBootThirdMiniProjectApplication in 20.852 seconds (JVM running for 1065.119)
2022-02-03 07:47:46,322 [restartedMain] INFO  o.s.b.d.a.ConditionEvaluationDeltaLoggingListener  - Condition evaluation unchanged
2022-02-03 07:47:47,712 [Thread-28] INFO  o.s.o.j.LocalContainerEntityManagerFactoryBean     - Closing JPA EntityManagerFactory for persistence unit 'default'
2022-02-03 07:47:47,714 [Thread-28] INFO  com.zaxxer.hikari.HikariDataSource                 - HikariPool-7 - Shutdown initiated...
2022-02-03 07:47:47,725 [Thread-28] INFO  com.zaxxer.hikari.HikariDataSource                 - HikariPool-7 - Shutdown completed.
2022-02-03 07:48:02,921 [restartedMain] WARN  o.springframework.boot.StartupInfoLogger           - InetAddress.getLocalHost().getHostName() took 5002 milliseconds to respond. Please verify your network configuration (macOS machines may need to add entries to /etc/hosts).
2022-02-03 07:48:07,923 [restartedMain] INFO  c.s.SpringBootThirdMiniProjectApplication          - Starting SpringBootThirdMiniProjectApplication using Java 1.8.0_271 on Sreshs-MacBook-Air.local with PID 19713 (/Users/sresh/eclipse-workspace/SpringBoot-Third-MiniProject/target/classes started by sresh in /Users/sresh/eclipse-workspace/SpringBoot-Third-MiniProject)
2022-02-03 07:48:07,924 [restartedMain] INFO  c.s.SpringBootThirdMiniProjectApplication          - No active profile set, falling back to default profiles: default
2022-02-03 07:48:08,153 [restartedMain] INFO  o.s.d.r.c.RepositoryConfigurationDelegate          - Bootstrapping Spring Data JPA repositories in DEFAULT mode.
2022-02-03 07:48:08,161 [restartedMain] INFO  o.s.d.r.c.RepositoryConfigurationDelegate          - Finished Spring Data repository scanning in 8 ms. Found 1 JPA repository interfaces.
2022-02-03 07:48:08,252 [restartedMain] INFO  o.s.b.w.embedded.tomcat.TomcatWebServer            - Tomcat initialized with port(s): 9090 (http)
2022-02-03 07:48:08,253 [restartedMain] INFO  o.apache.coyote.http11.Http11NioProtocol           - Initializing ProtocolHandler ["http-nio-9090"]
2022-02-03 07:48:08,253 [restartedMain] INFO  org.apache.catalina.core.StandardService           - Starting service [Tomcat]
2022-02-03 07:48:08,253 [restartedMain] INFO  org.apache.catalina.core.StandardEngine            - Starting Servlet engine: [Apache Tomcat/9.0.48]
2022-02-03 07:48:08,260 [restartedMain] INFO  o.a.c.c.C.[Tomcat].[localhost].[/]                 - Initializing Spring embedded WebApplicationContext
2022-02-03 07:48:08,260 [restartedMain] INFO  o.s.b.w.s.c.ServletWebServerApplicationContext     - Root WebApplicationContext: initialization completed in 332 ms
2022-02-03 07:48:08,299 [restartedMain] INFO  o.hibernate.jpa.internal.util.LogHelper            - HHH000204: Processing PersistenceUnitInfo [name: default]
2022-02-03 07:48:08,303 [restartedMain] INFO  com.zaxxer.hikari.HikariDataSource                 - HikariPool-8 - Starting...
2022-02-03 07:48:08,328 [restartedMain] INFO  com.zaxxer.hikari.HikariDataSource                 - HikariPool-8 - Start completed.
2022-02-03 07:48:08,328 [restartedMain] INFO  org.hibernate.dialect.Dialect                      - HHH000400: Using dialect: org.hibernate.dialect.MySQL8Dialect
2022-02-03 07:48:08,353 [restartedMain] INFO  o.h.e.t.j.p.i.JtaPlatformInitiator                 - HHH000490: Using JtaPlatform implementation: [org.hibernate.engine.transaction.jta.platform.internal.NoJtaPlatform]
2022-02-03 07:48:08,354 [restartedMain] INFO  o.s.o.j.LocalContainerEntityManagerFactoryBean     - Initialized JPA EntityManagerFactory for persistence unit 'default'
2022-02-03 07:48:08,495 [restartedMain] WARN  o.s.b.a.o.j.JpaBaseConfiguration$JpaWebConfiguration - spring.jpa.open-in-view is enabled by default. Therefore, database queries may be performed during view rendering. Explicitly configure spring.jpa.open-in-view to disable this warning
2022-02-03 07:48:08,544 [restartedMain] INFO  s.d.s.w.PropertySourcedRequestMappingHandlerMapping - Mapped URL path [/v2/api-docs] onto method [springfox.documentation.swagger2.web.Swagger2Controller#getDocumentation(String, HttpServletRequest)]
2022-02-03 07:48:08,590 [restartedMain] INFO  o.s.b.d.a.OptionalLiveReloadServer                 - LiveReload server is running on port 35729
2022-02-03 07:48:08,644 [restartedMain] INFO  o.apache.coyote.http11.Http11NioProtocol           - Starting ProtocolHandler ["http-nio-9090"]
2022-02-03 07:48:08,646 [restartedMain] INFO  o.s.b.w.embedded.tomcat.TomcatWebServer            - Tomcat started on port(s): 9090 (http) with context path ''
2022-02-03 07:48:08,647 [restartedMain] INFO  s.d.s.w.p.DocumentationPluginsBootstrapper         - Context refreshed
2022-02-03 07:48:08,648 [restartedMain] INFO  s.d.s.w.p.DocumentationPluginsBootstrapper         - Found 1 custom documentation plugin(s)
2022-02-03 07:48:08,654 [restartedMain] INFO  s.d.s.w.s.ApiListingReferenceScanner               - Scanning for api listing references
2022-02-03 07:48:08,677 [restartedMain] INFO  c.s.SpringBootThirdMiniProjectApplication          - Started SpringBootThirdMiniProjectApplication in 20.804 seconds (JVM running for 1087.478)
2022-02-03 07:48:08,680 [restartedMain] INFO  o.s.b.d.a.ConditionEvaluationDeltaLoggingListener  - Condition evaluation unchanged
2022-02-03 07:49:10,581 [Thread-32] INFO  o.s.o.j.LocalContainerEntityManagerFactoryBean     - Closing JPA EntityManagerFactory for persistence unit 'default'
2022-02-03 07:49:10,583 [Thread-32] INFO  com.zaxxer.hikari.HikariDataSource                 - HikariPool-8 - Shutdown initiated...
2022-02-03 07:49:10,600 [Thread-32] INFO  com.zaxxer.hikari.HikariDataSource                 - HikariPool-8 - Shutdown completed.
2022-02-03 07:49:25,893 [restartedMain] WARN  o.springframework.boot.StartupInfoLogger           - InetAddress.getLocalHost().getHostName() took 5001 milliseconds to respond. Please verify your network configuration (macOS machines may need to add entries to /etc/hosts).
2022-02-03 07:49:30,900 [restartedMain] INFO  c.s.SpringBootThirdMiniProjectApplication          - Starting SpringBootThirdMiniProjectApplication using Java 1.8.0_271 on Sreshs-MacBook-Air.local with PID 19713 (/Users/sresh/eclipse-workspace/SpringBoot-Third-MiniProject/target/classes started by sresh in /Users/sresh/eclipse-workspace/SpringBoot-Third-MiniProject)
2022-02-03 07:49:30,900 [restartedMain] INFO  c.s.SpringBootThirdMiniProjectApplication          - No active profile set, falling back to default profiles: default
2022-02-03 07:49:31,117 [restartedMain] INFO  o.s.d.r.c.RepositoryConfigurationDelegate          - Bootstrapping Spring Data JPA repositories in DEFAULT mode.
2022-02-03 07:49:31,124 [restartedMain] INFO  o.s.d.r.c.RepositoryConfigurationDelegate          - Finished Spring Data repository scanning in 6 ms. Found 1 JPA repository interfaces.
2022-02-03 07:49:31,230 [restartedMain] INFO  o.s.b.w.embedded.tomcat.TomcatWebServer            - Tomcat initialized with port(s): 9090 (http)
2022-02-03 07:49:31,230 [restartedMain] INFO  o.apache.coyote.http11.Http11NioProtocol           - Initializing ProtocolHandler ["http-nio-9090"]
2022-02-03 07:49:31,231 [restartedMain] INFO  org.apache.catalina.core.StandardService           - Starting service [Tomcat]
2022-02-03 07:49:31,232 [restartedMain] INFO  org.apache.catalina.core.StandardEngine            - Starting Servlet engine: [Apache Tomcat/9.0.48]
2022-02-03 07:49:31,238 [restartedMain] INFO  o.a.c.c.C.[Tomcat].[localhost].[/]                 - Initializing Spring embedded WebApplicationContext
2022-02-03 07:49:31,239 [restartedMain] INFO  o.s.b.w.s.c.ServletWebServerApplicationContext     - Root WebApplicationContext: initialization completed in 334 ms
2022-02-03 07:49:31,280 [restartedMain] INFO  o.hibernate.jpa.internal.util.LogHelper            - HHH000204: Processing PersistenceUnitInfo [name: default]
2022-02-03 07:49:31,285 [restartedMain] INFO  com.zaxxer.hikari.HikariDataSource                 - HikariPool-9 - Starting...
2022-02-03 07:49:31,305 [restartedMain] INFO  com.zaxxer.hikari.HikariDataSource                 - HikariPool-9 - Start completed.
2022-02-03 07:49:31,305 [restartedMain] INFO  org.hibernate.dialect.Dialect                      - HHH000400: Using dialect: org.hibernate.dialect.MySQL8Dialect
2022-02-03 07:49:31,337 [restartedMain] INFO  o.h.e.t.j.p.i.JtaPlatformInitiator                 - HHH000490: Using JtaPlatform implementation: [org.hibernate.engine.transaction.jta.platform.internal.NoJtaPlatform]
2022-02-03 07:49:31,337 [restartedMain] INFO  o.s.o.j.LocalContainerEntityManagerFactoryBean     - Initialized JPA EntityManagerFactory for persistence unit 'default'
2022-02-03 07:49:31,476 [restartedMain] WARN  o.s.b.a.o.j.JpaBaseConfiguration$JpaWebConfiguration - spring.jpa.open-in-view is enabled by default. Therefore, database queries may be performed during view rendering. Explicitly configure spring.jpa.open-in-view to disable this warning
2022-02-03 07:49:31,524 [restartedMain] INFO  s.d.s.w.PropertySourcedRequestMappingHandlerMapping - Mapped URL path [/v2/api-docs] onto method [springfox.documentation.swagger2.web.Swagger2Controller#getDocumentation(String, HttpServletRequest)]
2022-02-03 07:49:31,576 [restartedMain] INFO  o.s.b.d.a.OptionalLiveReloadServer                 - LiveReload server is running on port 35729
2022-02-03 07:49:31,631 [restartedMain] INFO  o.apache.coyote.http11.Http11NioProtocol           - Starting ProtocolHandler ["http-nio-9090"]
2022-02-03 07:49:31,633 [restartedMain] INFO  o.s.b.w.embedded.tomcat.TomcatWebServer            - Tomcat started on port(s): 9090 (http) with context path ''
2022-02-03 07:49:31,634 [restartedMain] INFO  s.d.s.w.p.DocumentationPluginsBootstrapper         - Context refreshed
2022-02-03 07:49:31,635 [restartedMain] INFO  s.d.s.w.p.DocumentationPluginsBootstrapper         - Found 1 custom documentation plugin(s)
2022-02-03 07:49:31,640 [restartedMain] INFO  s.d.s.w.s.ApiListingReferenceScanner               - Scanning for api listing references
2022-02-03 07:49:31,663 [restartedMain] INFO  c.s.SpringBootThirdMiniProjectApplication          - Started SpringBootThirdMiniProjectApplication in 20.816 seconds (JVM running for 1170.463)
2022-02-03 07:49:31,665 [restartedMain] INFO  o.s.b.d.a.ConditionEvaluationDeltaLoggingListener  - Condition evaluation unchanged
2022-02-03 07:49:33,069 [Thread-36] INFO  o.s.o.j.LocalContainerEntityManagerFactoryBean     - Closing JPA EntityManagerFactory for persistence unit 'default'
2022-02-03 07:49:33,072 [Thread-36] INFO  com.zaxxer.hikari.HikariDataSource                 - HikariPool-9 - Shutdown initiated...
2022-02-03 07:49:33,080 [Thread-36] INFO  com.zaxxer.hikari.HikariDataSource                 - HikariPool-9 - Shutdown completed.
2022-02-03 07:49:48,275 [restartedMain] WARN  o.springframework.boot.StartupInfoLogger           - InetAddress.getLocalHost().getHostName() took 5005 milliseconds to respond. Please verify your network configuration (macOS machines may need to add entries to /etc/hosts).
2022-02-03 07:49:53,280 [restartedMain] INFO  c.s.SpringBootThirdMiniProjectApplication          - Starting SpringBootThirdMiniProjectApplication using Java 1.8.0_271 on Sreshs-MacBook-Air.local with PID 19713 (/Users/sresh/eclipse-workspace/SpringBoot-Third-MiniProject/target/classes started by sresh in /Users/sresh/eclipse-workspace/SpringBoot-Third-MiniProject)
2022-02-03 07:49:53,280 [restartedMain] INFO  c.s.SpringBootThirdMiniProjectApplication          - No active profile set, falling back to default profiles: default
2022-02-03 07:49:53,516 [restartedMain] INFO  o.s.d.r.c.RepositoryConfigurationDelegate          - Bootstrapping Spring Data JPA repositories in DEFAULT mode.
2022-02-03 07:49:53,524 [restartedMain] INFO  o.s.d.r.c.RepositoryConfigurationDelegate          - Finished Spring Data repository scanning in 7 ms. Found 1 JPA repository interfaces.
2022-02-03 07:49:53,632 [restartedMain] INFO  o.s.b.w.embedded.tomcat.TomcatWebServer            - Tomcat initialized with port(s): 9090 (http)
2022-02-03 07:49:53,633 [restartedMain] INFO  o.apache.coyote.http11.Http11NioProtocol           - Initializing ProtocolHandler ["http-nio-9090"]
2022-02-03 07:49:53,634 [restartedMain] INFO  org.apache.catalina.core.StandardService           - Starting service [Tomcat]
2022-02-03 07:49:53,634 [restartedMain] INFO  org.apache.catalina.core.StandardEngine            - Starting Servlet engine: [Apache Tomcat/9.0.48]
2022-02-03 07:49:53,642 [restartedMain] INFO  o.a.c.c.C.[Tomcat].[localhost].[/]                 - Initializing Spring embedded WebApplicationContext
2022-02-03 07:49:53,642 [restartedMain] INFO  o.s.b.w.s.c.ServletWebServerApplicationContext     - Root WebApplicationContext: initialization completed in 356 ms
2022-02-03 07:49:53,687 [restartedMain] INFO  o.hibernate.jpa.internal.util.LogHelper            - HHH000204: Processing PersistenceUnitInfo [name: default]
2022-02-03 07:49:53,693 [restartedMain] INFO  com.zaxxer.hikari.HikariDataSource                 - HikariPool-10 - Starting...
2022-02-03 07:49:53,719 [restartedMain] INFO  com.zaxxer.hikari.HikariDataSource                 - HikariPool-10 - Start completed.
2022-02-03 07:49:53,719 [restartedMain] INFO  org.hibernate.dialect.Dialect                      - HHH000400: Using dialect: org.hibernate.dialect.MySQL8Dialect
2022-02-03 07:49:53,760 [restartedMain] INFO  o.h.e.t.j.p.i.JtaPlatformInitiator                 - HHH000490: Using JtaPlatform implementation: [org.hibernate.engine.transaction.jta.platform.internal.NoJtaPlatform]
2022-02-03 07:49:53,764 [restartedMain] INFO  o.s.o.j.LocalContainerEntityManagerFactoryBean     - Initialized JPA EntityManagerFactory for persistence unit 'default'
2022-02-03 07:49:53,921 [restartedMain] WARN  o.s.b.a.o.j.JpaBaseConfiguration$JpaWebConfiguration - spring.jpa.open-in-view is enabled by default. Therefore, database queries may be performed during view rendering. Explicitly configure spring.jpa.open-in-view to disable this warning
2022-02-03 07:49:53,985 [restartedMain] INFO  s.d.s.w.PropertySourcedRequestMappingHandlerMapping - Mapped URL path [/v2/api-docs] onto method [springfox.documentation.swagger2.web.Swagger2Controller#getDocumentation(String, HttpServletRequest)]
2022-02-03 07:49:54,033 [restartedMain] INFO  o.s.b.d.a.OptionalLiveReloadServer                 - LiveReload server is running on port 35729
2022-02-03 07:49:54,089 [restartedMain] INFO  o.apache.coyote.http11.Http11NioProtocol           - Starting ProtocolHandler ["http-nio-9090"]
2022-02-03 07:49:54,091 [restartedMain] INFO  o.s.b.w.embedded.tomcat.TomcatWebServer            - Tomcat started on port(s): 9090 (http) with context path ''
2022-02-03 07:49:54,092 [restartedMain] INFO  s.d.s.w.p.DocumentationPluginsBootstrapper         - Context refreshed
2022-02-03 07:49:54,093 [restartedMain] INFO  s.d.s.w.p.DocumentationPluginsBootstrapper         - Found 1 custom documentation plugin(s)
2022-02-03 07:49:54,098 [restartedMain] INFO  s.d.s.w.s.ApiListingReferenceScanner               - Scanning for api listing references
2022-02-03 07:49:54,121 [restartedMain] INFO  c.s.SpringBootThirdMiniProjectApplication          - Started SpringBootThirdMiniProjectApplication in 20.891 seconds (JVM running for 1192.922)
2022-02-03 07:49:54,123 [restartedMain] INFO  o.s.b.d.a.ConditionEvaluationDeltaLoggingListener  - Condition evaluation unchanged
2022-02-03 07:49:59,457 [http-nio-9090-exec-1] INFO  o.a.c.c.C.[Tomcat].[localhost].[/]                 - Initializing Spring DispatcherServlet 'dispatcherServlet'
2022-02-03 07:49:59,458 [http-nio-9090-exec-1] INFO  o.s.web.servlet.DispatcherServlet                  - Initializing Servlet 'dispatcherServlet'
2022-02-03 07:49:59,460 [http-nio-9090-exec-1] INFO  o.s.web.servlet.DispatcherServlet                  - Completed initialization in 2 ms
